This is pdfTeX, Version 3.14159265-2.6-1.40.20 (TeX Live 2019) (preloaded format=pdflatex 2019.9.11)  11 SEP 2019 12:51
entering extended mode
 restricted \write18 enabled.
 file:line:error style messages enabled.
 %&-line parsing enabled.
**README.md
(./README.md
LaTeX2e <2018-12-01>
./README.md:1: You can't use `macro parameter character #' in vertical mode.
l.1 #
      Computational_Physics
? 

./README.md:1: LaTeX Error: Missing \begin{document}.

See the LaTeX manual or LaTeX Companion for explanation.
Type  H <return>  for immediate help.
 ...                                              
                                                  
l.1 # C
       omputational_Physics
? s
OK, entering \scrollmode...
Missing character: There is no C in font nullfont!
Missing character: There is no o in font nullfont!
Missing character: There is no m in font nullfont!
Missing character: There is no p in font nullfont!
Missing character: There is no u in font nullfont!
Missing character: There is no t in font nullfont!
Missing character: There is no a in font nullfont!
Missing character: There is no t in font nullfont!
Missing character: There is no i in font nullfont!
Missing character: There is no o in font nullfont!
Missing character: There is no n in font nullfont!
Missing character: There is no a in font nullfont!
Missing character: There is no l in font nullfont!
./README.md:1: Missing $ inserted.
<inserted text> 
                $
l.1 # Computational_
                    Physics
I've inserted a begin-math/end-math symbol since I think
you left one out. Proceed, with fingers crossed.

LaTeX Font Info:    External font `cmex10' loaded for size
(Font)              <7> on input line 1.
LaTeX Font Info:    External font `cmex10' loaded for size
(Font)              <5> on input line 1.
./README.md:3: Missing $ inserted.
<inserted text> 
                $
l.3 
    
I've inserted a begin-math/end-math symbol since I think
you left one out. Proceed, with fingers crossed.


Overfull \hbox (104.83287pt too wide) in paragraph at lines 1--3
[]$[]\OML/cmm/m/it/10 hysicsHomework$ 
 []


./README.md:4: LaTeX Error: Missing \begin{document}.

See the LaTeX manual or LaTeX Companion for explanation.
Type  H <return>  for immediate help.
 ...                                              
                                                  
l.4 \[
      
You're in trouble here.  Try typing  <return>  to proceed.
If that doesn't work, type  X <return>  to quit.


Overfull \hbox (20.0pt too wide) in paragraph at lines 4--4
[][] 
 []


Overfull \hbox (7.7778pt too wide) detected at line 12
[]
 []

)
*
(Please type a command or say `\end')
*\end

*
! Emergency stop.
<*> \end
        
End of file on the terminal!

 
Here is how much of TeX's memory you used:
 8 strings out of 492616
 152 string characters out of 6129481
 57594 words of memory out of 5000000
 4027 multiletter control sequences out of 15000+600000
 3640 words of font info for 14 fonts, out of 8000000 for 9000
 1141 hyphenation exceptions out of 8191
 18i,7n,12p,51b,85s stack positions out of 5000i,500n,10000p,200000b,80000s
!  ==> Fatal error occurred, no output PDF file produced!
